# JRE version: Java(TM) SE Runtime Environment (7.0_72-b14) (build 1.7.0_72-b14)
# Java VM: Java HotSpot(TM) 64-Bit Server VM (24.72-b04 mixed mode linux-amd64 compressed oops)
Heap
 PSYoungGen      total 102912K, used 36479K [0x00000000ed700000, 0x00000000f5900000, 0x0000000100000000)
  eden space 93184K, 28% used [0x00000000ed700000,0x00000000ef131fe0,0x00000000f3200000)
  from space 9728K, 99% used [0x00000000f3600000,0x00000000f3f6dec0,0x00000000f3f80000)
  to   space 19968K, 0% used [0x00000000f4580000,0x00000000f4580000,0x00000000f5900000)
 ParOldGen       total 50688K, used 30200K [0x00000000c8600000, 0x00000000cb780000, 0x00000000ed700000)
  object space 50688K, 59% used [0x00000000c8600000,0x00000000ca37e210,0x00000000cb780000)
 PSPermGen       total 83968K, used 77622K [0x00000000c3400000, 0x00000000c8600000, 0x00000000c8600000)
  object space 83968K, 92% used [0x00000000c3400000,0x00000000c7fcd928,0x00000000c8600000)
GC Heap History (10 events):
Event: 2191,009 GC heap before
{Heap before GC invocations=10 (full 0):
 PSYoungGen      total 122880K, used 122863K [0x00000000ed700000, 0x00000000f6600000, 0x0000000100000000)
  eden space 110592K, 100% used [0x00000000ed700000,0x00000000f4300000,0x00000000f4300000)
  from space 12288K, 99% used [0x00000000f4780000,0x00000000f537bd28,0x00000000f5380000)
  to   space 17920K, 0% used [0x00000000f5480000,0x00000000f5480000,0x00000000f6600000)
 ParOldGen       total 37888K, used 25538K [0x00000000c8600000, 0x00000000cab00000, 0x00000000ed700000)
  object space 37888K, 67% used [0x00000000c8600000,0x00000000c9ef08f0,0x00000000cab00000)
 PSPermGen       total 52224K, used 51870K [0x00000000c3400000, 0x00000000c6700000, 0x00000000c8600000)
  object space 52224K, 99% used [0x00000000c3400000,0x00000000c66a79d8,0x00000000c6700000)
Event: 2191,289 GC heap after
Heap after GC invocations=10 (full 0):
 PSYoungGen      total 123904K, used 17907K [0x00000000ed700000, 0x00000000f6a80000, 0x0000000100000000)
  eden space 105984K, 0% used [0x00000000ed700000,0x00000000ed700000,0x00000000f3e80000)
  from space 17920K, 99% used [0x00000000f5480000,0x00000000f65fcd98,0x00000000f6600000)
  to   space 22528K, 0% used [0x00000000f3e80000,0x00000000f3e80000,0x00000000f5480000)
 ParOldGen       total 37888K, used 31126K [0x00000000c8600000, 0x00000000cab00000, 0x00000000ed700000)
  object space 37888K, 82% used [0x00000000c8600000,0x00000000ca465810,0x00000000cab00000)
 PSPermGen       total 52224K, used 51870K [0x00000000c3400000, 0x00000000c6700000, 0x00000000c8600000)
  object space 52224K, 99% used [0x00000000c3400000,0x00000000c66a79d8,0x00000000c6700000)
}
Event: 2191,289 GC heap before
{Heap before GC invocations=11 (full 1):
 PSYoungGen      total 123904K, used 17907K [0x00000000ed700000, 0x00000000f6a80000, 0x0000000100000000)
  eden space 105984K, 0% used [0x00000000ed700000,0x00000000ed700000,0x00000000f3e80000)
  from space 17920K, 99% used [0x00000000f5480000,0x00000000f65fcd98,0x00000000f6600000)
  to   space 22528K, 0% used [0x00000000f3e80000,0x00000000f3e80000,0x00000000f5480000)
 ParOldGen       total 37888K, used 31126K [0x00000000c8600000, 0x00000000cab00000, 0x00000000ed700000)
  object space 37888K, 82% used [0x00000000c8600000,0x00000000ca465810,0x00000000cab00000)
 PSPermGen       total 52224K, used 51870K [0x00000000c3400000, 0x00000000c6700000, 0x00000000c8600000)
  object space 52224K, 99% used [0x00000000c3400000,0x00000000c66a79d8,0x00000000c6700000)
Event: 2192,600 GC heap after
Heap after GC invocations=11 (full 1):
 PSYoungGen      total 123904K, used 0K [0x00000000ed700000, 0x00000000f6a80000, 0x0000000100000000)
  eden space 105984K, 0% used [0x00000000ed700000,0x00000000ed700000,0x00000000f3e80000)
  from space 17920K, 0% used [0x00000000f5480000,0x00000000f5480000,0x00000000f6600000)
  to   space 22528K, 0% used [0x00000000f3e80000,0x00000000f3e80000,0x00000000f5480000)
 ParOldGen       total 50688K, used 27480K [0x00000000c8600000, 0x00000000cb780000, 0x00000000ed700000)
  object space 50688K, 54% used [0x00000000c8600000,0x00000000ca0d6028,0x00000000cb780000)
 PSPermGen       total 83968K, used 51763K [0x00000000c3400000, 0x00000000c8600000, 0x00000000c8600000)
  object space 83968K, 61% used [0x00000000c3400000,0x00000000c668cf50,0x00000000c8600000)
}
Event: 2489,566 GC heap before
{Heap before GC invocations=12 (full 1):
 PSYoungGen      total 123904K, used 105984K [0x00000000ed700000, 0x00000000f6a80000, 0x0000000100000000)
  eden space 105984K, 100% used [0x00000000ed700000,0x00000000f3e80000,0x00000000f3e80000)
  from space 17920K, 0% used [0x00000000f5480000,0x00000000f5480000,0x00000000f6600000)
  to   space 22528K, 0% used [0x00000000f3e80000,0x00000000f3e80000,0x00000000f5480000)
 ParOldGen       total 50688K, used 27480K [0x00000000c8600000, 0x00000000cb780000, 0x00000000ed700000)
  object space 50688K, 54% used [0x00000000c8600000,0x00000000ca0d6028,0x00000000cb780000)
 PSPermGen       total 83968K, used 59743K [0x00000000c3400000, 0x00000000c8600000, 0x00000000c8600000)
  object space 83968K, 71% used [0x00000000c3400000,0x00000000c6e57de0,0x00000000c8600000)
Event: 2489,615 GC heap after
Heap after GC invocations=12 (full 1):
 PSYoungGen      total 112128K, used 10274K [0x00000000ed700000, 0x00000000f6500000, 0x0000000100000000)
  eden space 101376K, 0% used [0x00000000ed700000,0x00000000ed700000,0x00000000f3a00000)
  from space 10752K, 95% used [0x00000000f3e80000,0x00000000f4888890,0x00000000f4900000)
  to   space 22016K, 0% used [0x00000000f4f80000,0x00000000f4f80000,0x00000000f6500000)
 ParOldGen       total 50688K, used 27480K [0x00000000c8600000, 0x00000000cb780000, 0x00000000ed700000)
  object space 50688K, 54% used [0x00000000c8600000,0x00000000ca0d6028,0x00000000cb780000)
 PSPermGen       total 83968K, used 59743K [0x00000000c3400000, 0x00000000c8600000, 0x00000000c8600000)
  object space 83968K, 71% used [0x00000000c3400000,0x00000000c6e57de0,0x00000000c8600000)
}
Event: 2529,470 GC heap before
{Heap before GC invocations=13 (full 1):
 PSYoungGen      total 112128K, used 111650K [0x00000000ed700000, 0x00000000f6500000, 0x0000000100000000)
  eden space 101376K, 100% used [0x00000000ed700000,0x00000000f3a00000,0x00000000f3a00000)
  from space 10752K, 95% used [0x00000000f3e80000,0x00000000f4888890,0x00000000f4900000)
  to   space 22016K, 0% used [0x00000000f4f80000,0x00000000f4f80000,0x00000000f6500000)
 ParOldGen       total 50688K, used 27480K [0x00000000c8600000, 0x00000000cb780000, 0x00000000ed700000)
  object space 50688K, 54% used [0x00000000c8600000,0x00000000ca0d6028,0x00000000cb780000)
 PSPermGen       total 83968K, used 67729K [0x00000000c3400000, 0x00000000c8600000, 0x00000000c8600000)
  object space 83968K, 80% used [0x00000000c3400000,0x00000000c76246e0,0x00000000c8600000)
Event: 2529,582 GC heap after
Heap after GC invocations=13 (full 1):
 PSYoungGen      total 113152K, used 10750K [0x00000000ed700000, 0x00000000f5f00000, 0x0000000100000000)
  eden space 97280K, 0% used [0x00000000ed700000,0x00000000ed700000,0x00000000f3600000)
  from space 15872K, 67% used [0x00000000f4f80000,0x00000000f59ff8c8,0x00000000f5f00000)
  to   space 20992K, 0% used [0x00000000f3600000,0x00000000f3600000,0x00000000f4a80000)
 ParOldGen       total 50688K, used 28982K [0x00000000c8600000, 0x00000000cb780000, 0x00000000ed700000)
  object space 50688K, 57% used [0x00000000c8600000,0x00000000ca24da00,0x00000000cb780000)
 PSPermGen       total 83968K, used 67729K [0x00000000c3400000, 0x00000000c8600000, 0x00000000c8600000)
  object space 83968K, 80% used [0x00000000c3400000,0x00000000c76246e0,0x00000000c8600000)
}
Event: 2541,589 GC heap before
{Heap before GC invocations=14 (full 1):
 PSYoungGen      total 113152K, used 108030K [0x00000000ed700000, 0x00000000f5f00000, 0x0000000100000000)
  eden space 97280K, 100% used [0x00000000ed700000,0x00000000f3600000,0x00000000f3600000)
  from space 15872K, 67% used [0x00000000f4f80000,0x00000000f59ff8c8,0x00000000f5f00000)
  to   space 20992K, 0% used [0x00000000f3600000,0x00000000f3600000,0x00000000f4a80000)
 ParOldGen       total 50688K, used 28982K [0x00000000c8600000, 0x00000000cb780000, 0x00000000ed700000)
  object space 50688K, 57% used [0x00000000c8600000,0x00000000ca24da00,0x00000000cb780000)
 PSPermGen       total 83968K, used 74872K [0x00000000c3400000, 0x00000000c8600000, 0x00000000c8600000)
  object space 83968K, 89% used [0x00000000c3400000,0x00000000c7d1e3e8,0x00000000c8600000)
Event: 2541,677 GC heap after
Heap after GC invocations=14 (full 1):
 PSYoungGen      total 102912K, used 9655K [0x00000000ed700000, 0x00000000f5900000, 0x0000000100000000)
  eden space 93184K, 0% used [0x00000000ed700000,0x00000000ed700000,0x00000000f3200000)
  from space 9728K, 99% used [0x00000000f3600000,0x00000000f3f6dec0,0x00000000f3f80000)
  to   space 19968K, 0% used [0x00000000f4580000,0x00000000f4580000,0x00000000f5900000)
 ParOldGen       total 50688K, used 30200K [0x00000000c8600000, 0x00000000cb780000, 0x00000000ed700000)
  object space 50688K, 59% used [0x00000000c8600000,0x00000000ca37e210,0x00000000cb780000)
 PSPermGen       total 83968K, used 74872K [0x00000000c3400000, 0x00000000c8600000, 0x00000000c8600000)
  object space 83968K, 89% used [0x00000000c3400000,0x00000000c7d1e3e8,0x00000000c8600000)
}

